<?xml version="1.0" encoding="UTF-8"?>
<beans xmlns="http://www.springframework.org/schema/beans"
	xmlns:xsi="http://www.w3.org/2001/XMLSchema-instance" xmlns:jdbc="http://www.springframework.org/schema/jdbc"
	xmlns:context="http://www.springframework.org/schema/context"
	xmlns:jpa="http://www.springframework.org/schema/data/jpa" xmlns:tx="http://www.springframework.org/schema/tx"
	xmlns:p="http://www.springframework.org/schema/p" xmlns:util="http://www.springframework.org/schema/util"
	xmlns:mockito="http://www.mockito.org/spring/mockito"
	xsi:schemaLocation="http://www.springframework.org/schema/jdbc http://www.springframework.org/schema/jdbc/spring-jdbc-3.0.xsd
		http://www.springframework.org/schema/beans http://www.springframework.org/schema/beans/spring-beans.xsd
		http://www.springframework.org/schema/util http://www.springframework.org/schema/util/spring-util-3.2.xsd
		http://www.springframework.org/schema/data/jpa http://www.springframework.org/schema/data/jpa/spring-jpa.xsd
		http://www.springframework.org/schema/tx http://www.springframework.org/schema/tx/spring-tx.xsd
		http://www.springframework.org/schema/context http://www.springframework.org/schema/context/spring-context.xsd
		http://www.mockito.org/spring/mockito http://www.mockito.org/spring/mockito.xsd">

	<context:component-scan
		base-package="org.opengeoportal.harvester.api.service,org.opengeoportal.harvester.api.component" />
	<context:component-scan base-package="org.opengeoportal.harvester.api.scheduler"></context:component-scan>
	<context:annotation-config />

	<tx:annotation-driven transaction-manager="transactionManager" />

<!--  	<jdbc:embedded-database type="H2" id="dataSource"/>  -->
	<bean id="dataSource" class="org.springframework.jdbc.datasource.SimpleDriverDataSource">
		<property name="driverClass" value="org.h2.Driver" />
		<property name="url" value="jdbc:h2:mem:test;REFERENTIAL_INTEGRITY=FALSE;DB_CLOSE_DELAY=-1" />
		<property name="username" value="sa" />
		<property name="password" value="sa" />
	</bean>

	<!-- Look up the JPA repositories -->
	<jpa:repositories base-package="org.opengeoportal.harvester.api.dao"
		entity-manager-factory-ref="entityManagerFactory"
		transaction-manager-ref="transactionManager" />

	<bean id="transactionManager" class="org.springframework.orm.jpa.JpaTransactionManager">
		<property name="entityManagerFactory" ref="entityManagerFactory" />
	</bean>

	<bean id="entityManagerFactory"
		class="org.springframework.orm.jpa.LocalContainerEntityManagerFactoryBean"
		depends-on="flyway">
		<property name="dataSource" ref="dataSource" />
		<property name="packagesToScan" value="org.opengeoportal.harvester.api.domain" />
		<property name="jpaVendorAdapter">
			<bean class="org.springframework.orm.jpa.vendor.HibernateJpaVendorAdapter">
				<property name="database" value="H2" />
				<property name="generateDdl" value="true" />
				<property name="showSql" value="true" />
			</bean>
		</property>
	</bean>

	<bean id="flyway" class="com.googlecode.flyway.core.Flyway"
		init-method="migrate">
		<property name="dataSource" ref="dataSource" />
	</bean>

	<util:properties id="quarzProperties" location="classpath:/quartz.properties"></util:properties>


	<bean
		class="org.opengeoportal.harvester.api.scheduler.AutowiringSpringBeanJobFactory"
		id="autowiringSpringBeanJobFactory">

	</bean>

	<bean class="org.springframework.scheduling.quartz.SchedulerFactoryBean"
		p:dataSource-ref="dataSource" p:transactionManager-ref="transactionManager"
		p:overwriteExistingJobs="true" p:schedulerName="ogp-harvester-scheduler"
		p:jobFactory-ref="autowiringSpringBeanJobFactory"
		p:quartzProperties-ref="quarzProperties">
	</bean>
	
	<mockito:mock id="metadataIngester" 
		class="org.opengeoportal.harvester.api.component.MetadataIngester" />
<!-- 	<mockito:spy beanName="metadataIngester" />
 -->
</beans>
